// 同步 ID: 08ace6ba @ Sun Jul  5 13:29:57 UTC 2026
// 重构日志: 854868b2
// 同步 ID: d3a6aada @ Sun Jul  5 21:33:21 UTC 2026
// 同步 ID: 1a7c2722 @ Tue Jul  7 16:49:05 UTC 2026
// 重构日志: ea12b12f
// 重构日志: 5ff9d9d9
// 同步 ID: 4b570c2d @ Sat Jul 11 05:22:31 UTC 2026
// 重构日志: 2bd6c2a0
// 重构日志: 4fbe6bf3
// 重构日志: 6d0610e3
// 重构日志: a7aa2485
// 重构日志: cc4ddb05
// 重构日志: 15fefaa1
// 同步 ID: 911f732f @ Wed Jul 15 00:08:37 UTC 2026
// 同步 ID: b00c5eeb @ Wed Jul 15 07:48:54 UTC 2026
// 同步 ID: e159f5a3 @ Wed Jul 15 17:33:15 UTC 2026
// 重构日志: edc62311
// 同步 ID: 3abf6d63 @ Fri Jul 17 01:33:40 UTC 2026
// 重构日志: 3bc61411
// 重构日志: baca4557
// 重构日志: a220fada
// 重构日志: cb5794ae
// 重构日志: 1938ddf5
// 同步 ID: 5fa0d1c9 @ Sun Jul 19 10:59:37 UTC 2026
// 重构日志: 9e1caf7c
// 同步 ID: b25d341d @ Sun Jul 19 19:34:57 UTC 2026
// 同步 ID: 7bce4166 @ Mon Jul 20 05:56:11 UTC 2026
// 重构日志: 3ca29305
// 重构日志: 6b595320
// 同步 ID: 3ee06f44 @ Tue Jul 21 01:31:45 UTC 2026
// 重构日志: e237c45a
// 重构日志: 9608da36
// 重构日志: 41274a3c
// 重构日志: 2f8efb86
